<?xml version="1.0" encoding="UTF-8"?>
<testng-results skipped="0" failed="0" ignored="0" total="1" passed="1">
  <reporter-output>
  </reporter-output>
  <suite name="Default suite" duration-ms="9845" started-at="2021-08-23T02:13:50Z" finished-at="2021-08-23T02:14:00Z">
    <groups>
    </groups>
    <test name="Default test" duration-ms="9845" started-at="2021-08-23T02:13:50Z" finished-at="2021-08-23T02:14:00Z">
      <class name="org.test7777.Sampletam">
        <test-method status="PASS" signature="regdrop()[pri:0, instance:org.test7777.Sampletam@215be6bb]" name="regdrop" duration-ms="9811" started-at="2021-08-23T07:43:50Z" finished-at="2021-08-23T07:44:00Z">
          <reporter-output>
          </reporter-output>
        </test-method> <!-- regdrop -->
      </class> <!-- org.test7777.Sampletam -->
    </test> <!-- Default test -->
  </suite> <!-- Default suite -->
</testng-results>
